[INFO ] 2022-07-19 14:01:17.645 [main] FNBSharesApp - url opened
[INFO ] 2022-07-19 14:01:18.066 [main] FNBSharesApp - click open account
[INFO ] 2022-07-19 14:01:19.949 [main] FNBSharesApp - registration form completed
[INFO ] 2022-07-20 09:27:56.281 [main] FNBSharesApp - url opened
[INFO ] 2022-07-20 09:27:56.564 [main] FNBSharesApp - click open account
[INFO ] 2022-07-20 09:27:56.569 [main] FNBSharesApp - title set to prof
[INFO ] 2022-07-20 09:32:50.602 [main] FNBSharesApp - url opened
[INFO ] 2022-07-20 09:32:50.889 [main] FNBSharesApp - click open account
[INFO ] 2022-07-20 09:32:50.894 [main] FNBSharesApp - title set to prof
[INFO ] 2022-07-20 09:32:52.419 [main] FNBSharesApp - registration form completed
[INFO ] 2022-07-20 09:32:52.484 [main] FNBSharesApp - invalid SA ID entered
[INFO ] 2022-07-20 09:34:26.812 [main] FNBSharesApp - url opened
[INFO ] 2022-07-20 09:34:27.119 [main] FNBSharesApp - click open account
[INFO ] 2022-07-20 09:34:27.124 [main] FNBSharesApp - title set to prof
[INFO ] 2022-07-20 09:34:28.696 [main] FNBSharesApp - registration form completed
[INFO ] 2022-07-20 09:34:28.744 [main] FNBSharesApp - invalid SA ID entered
[INFO ] 2022-07-20 09:35:17.423 [main] FNBSharesApp - url opened
[INFO ] 2022-07-20 09:35:17.720 [main] FNBSharesApp - click open account
[INFO ] 2022-07-20 09:35:17.730 [main] FNBSharesApp - title set to prof
[INFO ] 2022-07-20 09:35:19.478 [main] FNBSharesApp - registration form completed
[INFO ] 2022-07-20 09:35:19.535 [main] FNBSharesApp - invalid SA ID entered
[INFO ] 2022-07-20 09:59:48.114 [main] FNBSharesApp - url opened
[INFO ] 2022-07-20 09:59:48.432 [main] FNBSharesApp - click open account
[INFO ] 2022-07-20 09:59:48.438 [main] FNBSharesApp - title set to prof
[INFO ] 2022-07-20 09:59:50.318 [main] FNBSharesApp - registration form completed
[INFO ] 2022-07-20 09:59:50.403 [main] FNBSharesApp - invalid SA ID entered
[INFO ] 2022-07-20 10:01:37.645 [main] FNBSharesApp - url opened
[INFO ] 2022-07-20 10:01:37.950 [main] FNBSharesApp - click open account
[INFO ] 2022-07-20 10:01:37.960 [main] FNBSharesApp - title set to prof
[INFO ] 2022-07-20 10:01:39.537 [main] FNBSharesApp - registration form completed
[INFO ] 2022-07-20 10:01:39.624 [main] FNBSharesApp - invalid SA ID entered
[INFO ] 2022-07-20 10:06:03.350 [main] FNBSharesApp - url opened
[INFO ] 2022-07-20 10:06:03.641 [main] FNBSharesApp - click open account
[INFO ] 2022-07-20 10:06:03.649 [main] FNBSharesApp - title set to prof
[INFO ] 2022-07-20 10:06:05.239 [main] FNBSharesApp - registration form completed
[INFO ] 2022-07-20 10:08:51.171 [main] FNBSharesApp - url opened
[INFO ] 2022-07-20 10:08:51.444 [main] FNBSharesApp - click open account
[INFO ] 2022-07-20 10:08:51.451 [main] FNBSharesApp - title set to prof
[INFO ] 2022-07-20 10:08:53.075 [main] FNBSharesApp - registration form completed
[INFO ] 2022-07-20 10:11:42.003 [main] FNBSharesApp - url opened
[INFO ] 2022-07-20 10:11:42.281 [main] FNBSharesApp - click open account
[INFO ] 2022-07-20 10:11:42.288 [main] FNBSharesApp - title set to prof
[INFO ] 2022-07-20 10:11:43.862 [main] FNBSharesApp - registration form completed
[INFO ] 2022-07-20 10:13:59.325 [main] FNBSharesApp - url opened
[INFO ] 2022-07-20 10:13:59.622 [main] FNBSharesApp - click open account
[INFO ] 2022-07-20 10:13:59.627 [main] FNBSharesApp - title set to prof
[INFO ] 2022-07-20 10:14:01.212 [main] FNBSharesApp - registration form completed
[INFO ] 2022-07-20 10:14:01.296 [main] FNBSharesApp - invalid SA ID entered
[INFO ] 2022-07-20 10:15:06.674 [main] FNBSharesApp - url opened
[INFO ] 2022-07-20 10:15:06.992 [main] FNBSharesApp - click open account
[INFO ] 2022-07-20 10:15:07.001 [main] FNBSharesApp - title set to prof
[INFO ] 2022-07-20 10:15:08.533 [main] FNBSharesApp - registration form completed
[INFO ] 2022-07-20 10:22:24.955 [main] FNBSharesApp - url opened
[INFO ] 2022-07-20 10:22:25.243 [main] FNBSharesApp - click open account
[INFO ] 2022-07-20 10:22:25.251 [main] FNBSharesApp - title set to prof
[INFO ] 2022-07-20 10:22:26.821 [main] FNBSharesApp - registration form completed
[INFO ] 2022-07-20 10:22:26.900 [main] FNBSharesApp - invalid SA ID entered
[INFO ] 2022-07-20 10:23:51.932 [main] FNBSharesApp - url opened
[INFO ] 2022-07-20 10:23:52.211 [main] FNBSharesApp - click open account
[INFO ] 2022-07-20 10:23:52.216 [main] FNBSharesApp - title set to prof
[INFO ] 2022-07-20 10:23:53.808 [main] FNBSharesApp - registration form completed
[INFO ] 2022-07-20 10:23:53.890 [main] FNBSharesApp - invalid SA ID entered
[INFO ] 2022-07-20 10:41:51.799 [main] FNBSharesApp - url opened
[INFO ] 2022-07-20 10:41:52.079 [main] FNBSharesApp - click open account
[INFO ] 2022-07-20 13:19:59.009 [main] FNBSharesApp - url opened
[INFO ] 2022-07-20 13:19:59.978 [main] FNBSharesApp - url opened
[INFO ] 2022-07-20 13:20:00.323 [main] FNBSharesApp - click open account
[INFO ] 2022-07-20 13:23:08.206 [main] FNBSharesApp - url opened
[INFO ] 2022-07-20 13:23:08.240 [main] FNBSharesApp - url opened
[INFO ] 2022-07-20 13:23:08.347 [main] FNBSharesApp - click open account
